<?xml version="1.0" encoding="UTF-8"?>
<testsuite name="com.tekarch.TafUserService.TafUserServiceApplicationTests" tests="1" skipped="0" failures="0" errors="0" timestamp="2025-01-20T02:55:58" hostname="MacBookPro" time="0.627">
  <properties/>
  <testcase name="contextLoads()" classname="com.tekarch.TafUserService.TafUserServiceApplicationTests" time="0.627"/>
  <system-out><![CDATA[21:55:53.992 [Test worker] INFO org.springframework.test.context.support.AnnotationConfigContextLoaderUtils -- Could not detect default configuration classes for test class [com.tekarch.TafUserService.TafUserServiceApplicationTests]: TafUserServiceApplicationTests does not declare any static, non-private, non-final, nested classes annotated with @Configuration.
21:55:54.114 [Test worker] INFO org.springframework.boot.test.context.SpringBootTestContextBootstrapper -- Found @SpringBootConfiguration com.tekarch.TafUserService.TafUserServiceApplication for test class com.tekarch.TafUserService.TafUserServiceApplicationTests

  .   ____          _            __ _ _
 /\\ / ___'_ __ _ _(_)_ __  __ _ \ \ \ \
( ( )\___ | '_ | '_| | '_ \/ _` | \ \ \ \
 \\/  ___)| |_)| | | | | || (_| |  ) ) ) )
  '  |____| .__|_| |_|_| |_\__, | / / / /
 =========|_|==============|___/=/_/_/_/

 :: Spring Boot ::                (v3.4.1)

2025-01-19T21:55:54.573-05:00  INFO 48563 --- [TafUserService] [    Test worker] c.t.T.TafUserServiceApplicationTests     : Starting TafUserServiceApplicationTests using Java 17.0.12 with PID 48563 (started by bipanakoirala in /Users/bipanakoirala/ExamAssignment/TafUserService)
2025-01-19T21:55:54.575-05:00  INFO 48563 --- [TafUserService] [    Test worker] c.t.T.TafUserServiceApplicationTests     : No active profile set, falling back to 1 default profile: "default"
2025-01-19T21:55:55.291-05:00  INFO 48563 --- [TafUserService] [    Test worker] .s.d.r.c.RepositoryConfigurationDelegate : Bootstrapping Spring Data JPA repositories in DEFAULT mode.
2025-01-19T21:55:55.350-05:00  INFO 48563 --- [TafUserService] [    Test worker] .s.d.r.c.RepositoryConfigurationDelegate : Finished Spring Data repository scanning in 48 ms. Found 1 JPA repository interface.
2025-01-19T21:55:55.750-05:00  INFO 48563 --- [TafUserService] [    Test worker] o.hibernate.jpa.internal.util.LogHelper  : HHH000204: Processing PersistenceUnitInfo [name: default]
2025-01-19T21:55:55.827-05:00  INFO 48563 --- [TafUserService] [    Test worker] org.hibernate.Version                    : HHH000412: Hibernate ORM core version 6.6.4.Final
2025-01-19T21:55:55.870-05:00  INFO 48563 --- [TafUserService] [    Test worker] o.h.c.internal.RegionFactoryInitiator    : HHH000026: Second-level cache disabled
2025-01-19T21:55:56.212-05:00  INFO 48563 --- [TafUserService] [    Test worker] o.s.o.j.p.SpringPersistenceUnitInfo      : No LoadTimeWeaver setup: ignoring JPA class transformer
2025-01-19T21:55:56.251-05:00  INFO 48563 --- [TafUserService] [    Test worker] com.zaxxer.hikari.HikariDataSource       : HikariPool-1 - Starting...
2025-01-19T21:55:56.784-05:00  INFO 48563 --- [TafUserService] [    Test worker] com.zaxxer.hikari.pool.HikariPool        : HikariPool-1 - Added connection com.mysql.cj.jdbc.ConnectionImpl@3b65084e
2025-01-19T21:55:56.787-05:00  INFO 48563 --- [TafUserService] [    Test worker] com.zaxxer.hikari.HikariDataSource       : HikariPool-1 - Start completed.
2025-01-19T21:55:56.896-05:00  WARN 48563 --- [TafUserService] [    Test worker] org.hibernate.orm.deprecation            : HHH90000025: MySQLDialect does not need to be specified explicitly using 'hibernate.dialect' (remove the property setting and it will be selected by default)
2025-01-19T21:55:56.914-05:00  INFO 48563 --- [TafUserService] [    Test worker] org.hibernate.orm.connections.pooling    : HHH10001005: Database info:
	Database JDBC URL [Connecting through datasource 'HikariDataSource (HikariPool-1)']
	Database driver: undefined/unknown
	Database version: 8.0.39
	Autocommit mode: undefined/unknown
	Isolation level: undefined/unknown
	Minimum pool size: undefined/unknown
	Maximum pool size: undefined/unknown
2025-01-19T21:55:57.772-05:00  INFO 48563 --- [TafUserService] [    Test worker] o.h.e.t.j.p.i.JtaPlatformInitiator       : HHH000489: No JTA platform available (set 'hibernate.transaction.jta.platform' to enable JTA platform integration)
Hibernate: alter table taf modify column available_seats VARCHAR(10) DEFAULT 'USD'
Hibernate: alter table taf modify column price VARCHAR(10) DEFAULT 'USD'
2025-01-19T21:55:58.092-05:00  INFO 48563 --- [TafUserService] [    Test worker] j.LocalContainerEntityManagerFactoryBean : Initialized JPA EntityManagerFactory for persistence unit 'default'
2025-01-19T21:55:58.495-05:00  WARN 48563 --- [TafUserService] [    Test worker] JpaBaseConfiguration$JpaWebConfiguration : spring.jpa.open-in-view is enabled by default. Therefore, database queries may be performed during view rendering. Explicitly configure spring.jpa.open-in-view to disable this warning
2025-01-19T21:55:58.945-05:00  INFO 48563 --- [TafUserService] [    Test worker] c.t.T.TafUserServiceApplicationTests     : Started TafUserServiceApplicationTests in 4.622 seconds (process running for 5.882)
]]></system-out>
  <system-err><![CDATA[]]></system-err>
</testsuite>
